<?xml version="1.0" encoding="UTF-8"?>
<!-- Generated by org.testng.reporters.JUnitXMLReporter -->
<testsuite hostname="Amar" ignored="0" name="Default test" tests="3" failures="0" timestamp="18 Jul 2022 06:39:33 GMT" time="0.195" errors="0">
  <testcase name="customersupport" time="0.045" classname="com.testng.pac.Priority"/>
  <testcase name="buysimcard" time="0.01" classname="com.testng.pac.Priority"/>
  <testcase name="activatesimcard" time="0.007" classname="com.testng.pac.Priority"/>
</testsuite> <!-- Default test -->
