<?xml version="1.0" encoding="UTF-8"?>
<!-- Generated by org.testng.reporters.JUnitXMLReporter -->
<testsuite hostname="Amar" ignored="4" name="Test2" tests="4" failures="0" timestamp="19 Jul 2022 06:01:33 GMT" time="0.101" errors="0">
  <testcase name="Annotation_1test1" time="0.005" classname="com.testng.pac.Annotation_1"/>
  <testcase name="Annotation_2test2" time="0.005" classname="com.testng.pac.Annotation_1"/>
  <testcase name="Annotation_2test1" time="0.023" classname="com.testng.pac.Annotation_2"/>
  <testcase name="Annotation_2test2" time="0.006" classname="com.testng.pac.Annotation_2"/>
  <testcase name="@AfterTest afterTest" time="0.0" classname="com.testng.pac.Annotation">
    <ignored/>
  </testcase> <!-- @AfterTest afterTest -->
  <testcase name="@BeforeTest beforetest" time="0.0" classname="com.testng.pac.Annotation">
    <ignored/>
  </testcase> <!-- @BeforeTest beforetest -->
  <testcase name="@AfterSuite aftersuite" time="0.0" classname="com.testng.pac.Annotation">
    <ignored/>
  </testcase> <!-- @AfterSuite aftersuite -->
  <testcase name="@BeforeSuite beforesuite" time="0.0" classname="com.testng.pac.Annotation">
    <ignored/>
  </testcase> <!-- @BeforeSuite beforesuite -->
</testsuite> <!-- Test2 -->
