<?xml version="1.0" encoding="UTF-8"?>
<!-- Generated by org.testng.reporters.JUnitXMLReporter -->
<testsuite hostname="Amar" ignored="5" name="Test" tests="3" failures="0" timestamp="19 Jul 2022 07:23:42 GMT" time="10.536" errors="0">
  <testcase name="Annotation_2test2" time="0.018" classname="com.testng.pac.Annotation_1"/>
  <testcase name="Annotation_2test1" time="0.007" classname="com.testng.pac.Annotation_2"/>
  <testcase name="Annotation_2test2" time="0.007" classname="com.testng.pac.Annotation_2"/>
  <testcase name="@AfterTest afterTest" time="0.0" classname="com.testng.pac.Annotation">
    <ignored/>
  </testcase> <!-- @AfterTest afterTest -->
  <testcase name="@BeforeTest beforetest" time="0.0" classname="com.testng.pac.Annotation">
    <ignored/>
  </testcase> <!-- @BeforeTest beforetest -->
  <testcase name="@AfterSuite aftersuite" time="0.0" classname="com.testng.pac.Annotation">
    <ignored/>
  </testcase> <!-- @AfterSuite aftersuite -->
  <testcase name="Annotation_1test1" time="0.0" classname="com.testng.pac.Annotation_1">
    <ignored/>
  </testcase> <!-- Annotation_1test1 -->
  <testcase name="@BeforeSuite beforesuite" time="0.0" classname="com.testng.pac.Annotation">
    <ignored/>
  </testcase> <!-- @BeforeSuite beforesuite -->
</testsuite> <!-- Test -->
