<?xml version="1.0" encoding="UTF-8"?>
<testng-results skipped="0" failed="0" ignored="0" total="1" passed="1">
  <reporter-output>
  </reporter-output>
  <suite name="Default suite" duration-ms="73610" started-at="2022-07-04T07:11:03Z" finished-at="2022-07-04T07:12:16Z">
    <groups>
    </groups>
    <test name="Default test" duration-ms="73610" started-at="2022-07-04T07:11:03Z" finished-at="2022-07-04T07:12:16Z">
      <class name="com.VTiger.TCs.TC_151_Create_Campaign_Del_CampTest">
        <test-method status="PASS" signature="createcamp()[pri:0, instance:com.VTiger.TCs.TC_151_Create_Campaign_Del_CampTest@2fd6b6c7]" name="createcamp" duration-ms="73465" started-at="2022-07-04T07:11:03Z" finished-at="2022-07-04T07:12:16Z">
          <reporter-output>
          </reporter-output>
        </test-method> <!-- createcamp -->
      </class> <!-- com.VTiger.TCs.TC_151_Create_Campaign_Del_CampTest -->
    </test> <!-- Default test -->
  </suite> <!-- Default suite -->
</testng-results>
